<?xml version="1.0" encoding="UTF-8"?>
<!-- Generated by org.testng.reporters.JUnitReportReporter -->
<testsuite skipped="0" hostname="LHTU05CG7311FV4" name="apiAutomationTesting.TC_001_Get_Request" tests="1" failures="0" timestamp="24 Jun 2019 19:31:58 GMT" time="4.615" errors="0">
  <testcase name="getWeatherDetails" time="4.615" classname="apiAutomationTesting.TC_001_Get_Request"/>
</testsuite> <!-- apiAutomationTesting.TC_001_Get_Request -->
