<?xml version="1.0" encoding="UTF-8"?>
<!-- Generated by org.testng.reporters.JUnitReportReporter -->
<testsuite skipped="0" hostname="LHTU05CG7311FV4" name="apiAutomationTesting.TC_002_Get_Request" tests="1" failures="0" timestamp="27 Jun 2019 19:53:23 GMT" time="4.233" errors="0">
  <testcase name="getStateAndCounty" time="4.233" classname="apiAutomationTesting.TC_002_Get_Request"/>
</testsuite> <!-- apiAutomationTesting.TC_002_Get_Request -->
