<?xml version="1.0" encoding="UTF-8"?>
<!-- Generated by org.testng.reporters.JUnitReportReporter -->
<testsuite skipped="0" hostname="LHTU05CG7311FV4" name="ScreenShoot.ScreenShoot.ScreenShhotClass" tests="1" failures="0" timestamp="08 Jul 2019 21:02:53 GMT" time="24.961" errors="0">
  <testcase name="TestJavaS1" time="24.961" classname="ScreenShoot.ScreenShoot.ScreenShhotClass"/>
</testsuite> <!-- ScreenShoot.ScreenShoot.ScreenShhotClass -->
